<?xml version="1.0" encoding="UTF-8"?>
<!-- Generated by org.testng.reporters.JUnitReportReporter -->
<testsuite hostname="DESKTOP-N13ARBV" failures="0" tests="1" name="API_Testing.RestAssuredAPITesting.APIParameterPass" time="4.920" errors="0" timestamp="2022-01-14T21:03:21 IST" skipped="0">
  <testcase classname="API_Testing.RestAssuredAPITesting.APIParameterPass" name="sessionid" time="4.920"/>
  <system-out/>
</testsuite> <!-- API_Testing.RestAssuredAPITesting.APIParameterPass -->
