<?xml version="1.0" encoding="UTF-8"?>
<!-- Generated by org.testng.reporters.JUnitReportReporter -->
<testsuite hostname="DESKTOP-N13ARBV" failures="0" tests="2" name="API_Testing.RestAssuredAPITesting.NewTest" time="3.525" errors="0" timestamp="2022-01-05T18:43:43 IST" skipped="0">
  <testcase classname="API_Testing.RestAssuredAPITesting.NewTest" name="usernotfound" time="0.326"/>
  <system-out/>
  <testcase classname="API_Testing.RestAssuredAPITesting.NewTest" name="getrequest" time="3.199"/>
  <system-out/>
</testsuite> <!-- API_Testing.RestAssuredAPITesting.NewTest -->
