<?xml version="1.0" encoding="UTF-8"?>
<!-- Generated by org.testng.reporters.JUnitReportReporter -->
<testsuite hostname="DESKTOP-N13ARBV" failures="0" tests="1" name="API_Testing.RestAssuredAPITesting.DataProviderCls" time="0.019" errors="0" timestamp="2022-01-19T21:19:36 IST" skipped="0">
  <testcase classname="API_Testing.RestAssuredAPITesting.DataProviderCls" name="f" time="0.019"/>
  <system-out/>
</testsuite> <!-- API_Testing.RestAssuredAPITesting.DataProviderCls -->
