<?xml version="1.0" encoding="UTF-8"?>
<!-- Generated by org.testng.reporters.JUnitReportReporter -->
<testsuite hostname="DESKTOP-N13ARBV" failures="0" tests="1" name="API_Testing.RestAssuredAPITesting.TestAPI2" time="3.240" errors="0" timestamp="2022-01-05T18:58:48 IST" skipped="0">
  <testcase classname="API_Testing.RestAssuredAPITesting.TestAPI2" name="listUser" time="3.240"/>
  <system-out/>
</testsuite> <!-- API_Testing.RestAssuredAPITesting.TestAPI2 -->
