<?xml version="1.0" encoding="UTF-8"?>
<!-- Generated by org.testng.reporters.JUnitReportReporter -->
<testsuite hostname="DESKTOP-N13ARBV" failures="0" tests="1" name="API_Testing.RestAssuredAPITesting.APIStaticImport" time="3.072" errors="0" timestamp="2022-01-06T20:34:10 IST" skipped="0">
  <testcase classname="API_Testing.RestAssuredAPITesting.APIStaticImport" name="accessingelement" time="3.072"/>
  <system-out/>
</testsuite> <!-- API_Testing.RestAssuredAPITesting.APIStaticImport -->
