<?xml version="1.0" encoding="UTF-8"?>
<!-- Generated by org.testng.reporters.JUnitReportReporter -->
<testsuite hostname="DESKTOP-N13ARBV" failures="0" tests="1" name="API_Testing.RestAssuredAPITesting.GetRequestBody" time="4.192" errors="0" timestamp="2022-01-12T20:21:58 IST" skipped="0">
  <testcase classname="API_Testing.RestAssuredAPITesting.GetRequestBody" name="loginrequest1" time="4.192"/>
  <system-out/>
</testsuite> <!-- API_Testing.RestAssuredAPITesting.GetRequestBody -->
