<?xml version="1.0" encoding="UTF-8"?>
<!-- Generated by org.testng.reporters.JUnitReportReporter -->
<testsuite hostname="DESKTOP-N13ARBV" failures="0" tests="2" name="API_Testing.RestAssuredAPITesting.Parameterised" time="6.634" errors="0" timestamp="2022-01-19T11:04:06 IST" skipped="0">
  <testcase classname="API_Testing.RestAssuredAPITesting.Parameterised" name="requestParameter" time="5.547"/>
  <system-out/>
  <testcase classname="API_Testing.RestAssuredAPITesting.Parameterised" name="requestParameter" time="1.087"/>
  <system-out/>
</testsuite> <!-- API_Testing.RestAssuredAPITesting.Parameterised -->
