<?xml version="1.0" encoding="UTF-8"?>
<!-- Generated by org.testng.reporters.JUnitReportReporter -->
<testsuite hostname="DESKTOP-N13ARBV" failures="0" tests="1" name="API_Testing.RestAssuredAPITesting.GetAndPost" time="5.257" errors="0" timestamp="2022-01-10T11:04:08 IST" skipped="0">
  <testcase classname="API_Testing.RestAssuredAPITesting.GetAndPost" name="GetRequest" time="5.257"/>
  <system-out/>
</testsuite> <!-- API_Testing.RestAssuredAPITesting.GetAndPost -->
