<?xml version="1.0" encoding="UTF-8"?>
<!-- Generated by org.testng.reporters.JUnitReportReporter -->
<testsuite hostname="DESKTOP-N13ARBV" failures="0" tests="2" name="API_Testing.RestAssuredAPITesting.TC03_SingleUser_NotFound" time="0.078" errors="0" timestamp="2022-01-25T10:33:41 IST" skipped="0">
  <testcase classname="API_Testing.RestAssuredAPITesting.TC03_SingleUser_NotFound" name="headerverification" time="0.016"/>
  <system-out/>
  <testcase classname="API_Testing.RestAssuredAPITesting.TC03_SingleUser_NotFound" name="getUser" time="0.062"/>
  <system-out/>
</testsuite> <!-- API_Testing.RestAssuredAPITesting.TC03_SingleUser_NotFound -->
