<?xml version="1.0" encoding="UTF-8"?>
<!-- Generated by org.testng.reporters.JUnitReportReporter -->
<testsuite hostname="DESKTOP-N13ARBV" failures="0" tests="1" name="API_Testing.RestAssuredAPITesting.APIPostRequest" time="4.460" errors="0" timestamp="2022-01-05T20:22:17 IST" skipped="0">
  <testcase classname="API_Testing.RestAssuredAPITesting.APIPostRequest" name="postRequest" time="4.460"/>
  <system-out/>
</testsuite> <!-- API_Testing.RestAssuredAPITesting.APIPostRequest -->
