<?xml version="1.0" encoding="UTF-8"?>
<!-- Generated by org.testng.reporters.JUnitReportReporter -->
<testsuite hostname="DESKTOP-N13ARBV" failures="0" tests="1" name="API_Testing.RestAssuredAPITesting.APISchemaValidation" time="3.577" errors="0" timestamp="2022-01-07T19:12:10 IST" skipped="0">
  <testcase classname="API_Testing.RestAssuredAPITesting.APISchemaValidation" name="getSchema" time="3.577"/>
  <system-out/>
</testsuite> <!-- API_Testing.RestAssuredAPITesting.APISchemaValidation -->
