<?xml version="1.0" encoding="UTF-8"?>
<!-- Generated by org.testng.reporters.JUnitReportReporter -->
<testsuite hostname="DESKTOP-N13ARBV" failures="0" tests="1" name="API_Testing.RestAssuredAPITesting.FileReader" time="0.057" errors="0" timestamp="2022-01-19T08:50:08 IST" skipped="0">
  <testcase classname="API_Testing.RestAssuredAPITesting.FileReader" name="f" time="0.057"/>
  <system-out/>
</testsuite> <!-- API_Testing.RestAssuredAPITesting.FileReader -->
