<?xml version="1.0" encoding="UTF-8"?>
<!-- Generated by org.testng.reporters.JUnitReportReporter -->
<testsuite hostname="DESKTOP-N13ARBV" failures="0" tests="4" name="API_Testing.RestAssuredAPITesting.TC01_MultiUser_GetRequest" time="1.511" errors="0" timestamp="2022-01-23T09:59:18 IST" skipped="0">
  <testcase classname="API_Testing.RestAssuredAPITesting.TC01_MultiUser_GetRequest" name="headercheck" time="0.025"/>
  <system-out/>
  <testcase classname="API_Testing.RestAssuredAPITesting.TC01_MultiUser_GetRequest" name="fieldsArePresent" time="1.032"/>
  <system-out/>
  <testcase classname="API_Testing.RestAssuredAPITesting.TC01_MultiUser_GetRequest" name="multiuserGet" time="0.004"/>
  <system-out/>
  <testcase classname="API_Testing.RestAssuredAPITesting.TC01_MultiUser_GetRequest" name="verfyresults" time="0.450"/>
  <system-out/>
</testsuite> <!-- API_Testing.RestAssuredAPITesting.TC01_MultiUser_GetRequest -->
