<?xml version="1.0" encoding="UTF-8"?>
<!-- Generated by org.testng.reporters.JUnitReportReporter -->
<testsuite hostname="DESKTOP-N13ARBV" failures="0" tests="1" name="API_Testing.RestAssuredAPITesting.TC02_SingleUser_GetRequestTest" time="0.141" errors="0" timestamp="2022-01-24T11:18:51 IST" skipped="0">
  <testcase classname="API_Testing.RestAssuredAPITesting.TC02_SingleUser_GetRequestTest" name="verfyresultsTest" time="0.141"/>
  <system-out/>
</testsuite> <!-- API_Testing.RestAssuredAPITesting.TC02_SingleUser_GetRequestTest -->
